<?xml version="1.0" encoding="UTF-8"?>
<!-- Generated by org.testng.reporters.JUnitReportReporter -->
<testsuite hostname="Dasari-ASUS" failures="0" tests="2" name="Batchexecution.TestClass1" time="0.003" errors="0" timestamp="2023-10-13T14:47:06 IST" skipped="0">
  <testcase classname="Batchexecution.TestClass1" name="demo2" time="0.001"/>
  <system-out/>
  <testcase classname="Batchexecution.TestClass1" name="demo1" time="0.002"/>
  <system-out/>
</testsuite> <!-- Batchexecution.TestClass1 -->
