<?xml version="1.0" encoding="UTF-8"?>
<!-- Generated by org.testng.reporters.JUnitReportReporter -->
<testsuite hostname="Dasari-ASUS" failures="0" tests="1" name="TestNG.Testngdemo" time="0.012" errors="0" timestamp="2023-10-13T13:23:37 IST" skipped="0">
  <testcase classname="TestNG.Testngdemo" name="demo" time="0.012"/>
  <system-out/>
</testsuite> <!-- TestNG.Testngdemo -->
