<?xml version="1.0" encoding="UTF-8"?>
<!-- Generated by org.testng.reporters.JUnitReportReporter -->
<testsuite hostname="Dasari-ASUS" failures="0" tests="1" name="Assertions.Whynotifelse" time="0.017" errors="0" timestamp="2023-10-17T13:33:03 IST" skipped="0">
  <testcase classname="Assertions.Whynotifelse" name="demo" time="0.017"/>
  <system-out/>
</testsuite> <!-- Assertions.Whynotifelse -->
