<?xml version="1.0" encoding="UTF-8"?>
<!-- Generated by org.testng.reporters.JUnitReportReporter -->
<testsuite hostname="Dasari-ASUS" failures="0" tests="2" name="NewTest" time="0.024" errors="0" timestamp="2023-10-12T13:19:21 IST" skipped="0">
  <testcase classname="NewTest" name="f" time="0.021"/>
  <system-out/>
  <testcase classname="NewTest" name="f1" time="0.003"/>
  <system-out/>
</testsuite> <!-- NewTest -->
