<?xml version="1.0" encoding="UTF-8"?>
<!-- Generated by org.testng.reporters.JUnitReportReporter -->
<testsuite hostname="Dasari-ASUS" failures="0" tests="5" name="TestNG.prioritizingtests" time="0.021" errors="0" timestamp="2023-10-12T13:37:27 IST" skipped="0">
  <testcase classname="TestNG.prioritizingtests" name="demo5" time="0.014"/>
  <system-out/>
  <testcase classname="TestNG.prioritizingtests" name="demo4" time="0.002"/>
  <system-out/>
  <testcase classname="TestNG.prioritizingtests" name="demo1" time="0.001"/>
  <system-out/>
  <testcase classname="TestNG.prioritizingtests" name="demo3" time="0.002"/>
  <system-out/>
  <testcase classname="TestNG.prioritizingtests" name="demo2" time="0.002"/>
  <system-out/>
</testsuite> <!-- TestNG.prioritizingtests -->
