<?xml version="1.0" encoding="UTF-8"?>
<!-- Generated by org.testng.reporters.JUnitReportReporter -->
<testsuite hostname="Dasari-ASUS" failures="0" tests="6" name="TestNG.Reruntestcasesamedata$prioritizingtests" time="0.021" errors="0" timestamp="2023-10-12T13:52:14 IST" skipped="0">
  <testcase classname="TestNG.Reruntestcasesamedata$prioritizingtests" name="demo5" time="0.002"/>
  <system-out/>
  <testcase classname="TestNG.Reruntestcasesamedata$prioritizingtests" name="demo1" time="0.011"/>
  <system-out/>
  <testcase classname="TestNG.Reruntestcasesamedata$prioritizingtests" name="demo1" time="0.002"/>
  <system-out/>
  <testcase classname="TestNG.Reruntestcasesamedata$prioritizingtests" name="demo5" time="0.003"/>
  <system-out/>
  <testcase classname="TestNG.Reruntestcasesamedata$prioritizingtests" name="demo2" time="0.001"/>
  <system-out/>
  <testcase classname="TestNG.Reruntestcasesamedata$prioritizingtests" name="demo4" time="0.002"/>
  <system-out/>
</testsuite> <!-- TestNG.Reruntestcasesamedata$prioritizingtests -->
