<?xml version="1.0" encoding="UTF-8"?>
<!-- Generated by org.testng.reporters.JUnitReportReporter -->
<testsuite hostname="Dasari-ASUS" failures="0" tests="6" name="TestNG.Disablingtestscript" time="0.018" errors="0" timestamp="2023-10-12T14:09:09 IST" skipped="1">
  <testcase classname="TestNG.Disablingtestscript" name="demo2" time="0.002"/>
  <system-out/>
  <testcase classname="TestNG.Disablingtestscript" name="demo2" time="0.002"/>
  <system-out/>
  <testcase classname="TestNG.Disablingtestscript" name="demo2" time="0.010"/>
  <system-out/>
  <testcase classname="TestNG.Disablingtestscript" name="demo3" time="0.002"/>
  <system-out/>
  <testcase classname="TestNG.Disablingtestscript" name="demo3" time="0.002"/>
  <system-out/>
  <testcase classname="TestNG.Disablingtestscript" name="demo1">
    <skipped/>
  </testcase> <!-- demo1 -->
  <system-out/>
</testsuite> <!-- TestNG.Disablingtestscript -->
