<?xml version="1.0" encoding="UTF-8"?>
<!-- Generated by org.testng.reporters.JUnitReportReporter -->
<testsuite hostname="Dasari-ASUS" failures="0" tests="1" name="TestNG.testngsample" time="0.014" errors="0" timestamp="2023-10-12T13:20:49 IST" skipped="0">
  <testcase classname="TestNG.testngsample" name="example" time="0.014"/>
  <system-out/>
</testsuite> <!-- TestNG.testngsample -->
