<?xml version="1.0" encoding="UTF-8"?>
<!-- Generated by org.testng.reporters.JUnitReportReporter -->
<testsuite hostname="Dasari-ASUS" failures="0" tests="2" name="TestNG.dependencybtwmethods" time="29.734" errors="0" timestamp="2023-10-12T14:56:03 IST" skipped="0">
  <testcase classname="TestNG.dependencybtwmethods" name="navigateToApp" time="15.148"/>
  <system-out/>
  <testcase classname="TestNG.dependencybtwmethods" name="loginToApp" time="14.586"/>
  <system-out/>
</testsuite> <!-- TestNG.dependencybtwmethods -->
