<?xml version="1.0" encoding="UTF-8"?>
<!-- Generated by org.testng.reporters.JUnitReportReporter -->
<testsuite hostname="Dasari-ASUS" failures="0" tests="1" name="TestNG.testclass" time="0.009" errors="0" timestamp="2023-10-14T13:12:49 IST" skipped="0">
  <testcase classname="TestNG.testclass" name="test1" time="0.009"/>
  <system-out/>
</testsuite> <!-- TestNG.testclass -->
